2025-05-23 20:59:21,209 [Worker-5: Loading available Gradle versions] INFO  o.e.b.c.i.u.g.PublishedGradleVersions - Gradle version information cache is not available. Remote download required.
2025-05-23 21:03:45,991 [Worker-9: Import Getting Started Content] INFO  o.e.m.c.i.l.LifecycleMappingFactory - Using org.eclipse.m2e.jdt.JarLifecycleMapping lifecycle mapping for MavenProject: com.bridgelabz:employeepayrollapp:0.0.1-SNAPSHOT @ C:\Users\Aaditya G\OneDrive\Desktop\SpringBoot\FinalEmployeePayroll\EmployeePayrollApp\pom.xml.
2025-05-23 21:03:48,891 [Worker-9: Import Getting Started Content] INFO  o.e.m.j.i.AbstractJavaProjectConfigurator - Adding source folder /EmployeePayrollApp/src/main/java
2025-05-23 21:03:48,898 [Worker-9: Import Getting Started Content] INFO  o.e.m.j.i.AbstractJavaProjectConfigurator - Adding resource folder /EmployeePayrollApp/src/main/resources
2025-05-23 21:03:48,916 [Worker-9: Import Getting Started Content] INFO  o.e.m.j.i.AbstractJavaProjectConfigurator - Adding resource folder /EmployeePayrollApp/src/main/resources
2025-05-23 21:03:48,931 [Worker-9: Import Getting Started Content] INFO  o.e.m.j.i.AbstractJavaProjectConfigurator - Adding source folder /EmployeePayrollApp/src/test/java
2025-05-23 21:03:48,936 [Worker-9: Import Getting Started Content] INFO  o.e.m.j.i.AbstractJavaProjectConfigurator - Adding resource folder /EmployeePayrollApp/src/test/resources
2025-05-23 21:03:51,378 [Worker-9: Import Getting Started Content] INFO  o.e.m.c.i.p.ProjectConfigurationManager - Imported and configured 1 project(s) in 9 sec
2025-05-23 21:03:51,389 [Worker-9: Import Getting Started Content] INFO  o.e.m.c.i.p.ProjectConfigurationManager - Update started
2025-05-23 21:03:52,421 [Worker-9: Import Getting Started Content] INFO  o.e.m.c.i.l.LifecycleMappingFactory - Using org.eclipse.m2e.jdt.JarLifecycleMapping lifecycle mapping for MavenProject: com.bridgelabz:employeepayrollapp:0.0.1-SNAPSHOT @ C:\Users\Aaditya G\OneDrive\Desktop\SpringBoot\FinalEmployeePayroll\EmployeePayrollApp\pom.xml.
2025-05-23 21:03:54,031 [Worker-9: Import Getting Started Content] INFO  o.e.m.j.i.AbstractJavaProjectConfigurator - Adding source folder /EmployeePayrollApp/src/main/java
2025-05-23 21:03:54,034 [Worker-9: Import Getting Started Content] INFO  o.e.m.j.i.AbstractJavaProjectConfigurator - Adding resource folder /EmployeePayrollApp/src/main/resources
2025-05-23 21:03:54,036 [Worker-9: Import Getting Started Content] INFO  o.e.m.j.i.AbstractJavaProjectConfigurator - Adding resource folder /EmployeePayrollApp/src/main/resources
2025-05-23 21:03:54,037 [Worker-9: Import Getting Started Content] INFO  o.e.m.j.i.AbstractJavaProjectConfigurator - Adding source folder /EmployeePayrollApp/src/test/java
2025-05-23 21:03:54,039 [Worker-9: Import Getting Started Content] INFO  o.e.m.j.i.AbstractJavaProjectConfigurator - Adding resource folder /EmployeePayrollApp/src/test/resources
2025-05-23 21:03:55,451 [Worker-9: Import Getting Started Content] INFO  o.e.m.c.i.p.ProjectConfigurationManager - Update completed for 1 poms: local refresh takes 0.00 sec, refresh facades takes 2.00 sec, update config takes 0.00 sec 
2025-05-23 21:03:57,230 [Worker-9: Building] INFO  o.a.m.s.f.DefaultMavenResourcesFiltering - Copying 1 resource from src\main\resources to target\classes
2025-05-23 21:03:57,262 [Worker-9: Building] INFO  o.a.m.s.f.DefaultMavenResourcesFiltering - Copying 0 resource from src\main\resources to target\classes
2025-05-23 21:03:57,276 [Worker-9: Building] INFO  o.a.m.s.f.DefaultMavenResourcesFiltering - skip non existing resourceDirectory C:\Users\Aaditya G\OneDrive\Desktop\SpringBoot\FinalEmployeePayroll\EmployeePayrollApp\src\test\resources
2025-05-23 21:06:39,937 [Worker-1: Building] INFO  o.a.m.s.f.DefaultMavenResourcesFiltering - Copying 1 resource from src\main\resources to target\classes
2025-05-23 21:06:39,953 [Worker-1: Building] INFO  o.a.m.s.f.DefaultMavenResourcesFiltering - Copying 0 resource from src\main\resources to target\classes
2025-05-23 21:06:39,964 [Worker-1: Building] INFO  o.a.m.s.f.DefaultMavenResourcesFiltering - skip non existing resourceDirectory C:\Users\Aaditya G\OneDrive\Desktop\SpringBoot\FinalEmployeePayroll\EmployeePayrollApp\src\test\resources
2025-05-23 21:15:38,901 [Worker-13: Building] INFO  o.a.m.s.f.DefaultMavenResourcesFiltering - Copying 0 resource from src\main\resources to target\classes
2025-05-23 21:15:38,903 [Worker-13: Building] INFO  o.a.m.s.f.DefaultMavenResourcesFiltering - Copying 0 resource from src\main\resources to target\classes
2025-05-23 21:15:38,907 [Worker-13: Building] INFO  o.a.m.s.f.DefaultMavenResourcesFiltering - skip non existing resourceDirectory C:\Users\Aaditya G\OneDrive\Desktop\SpringBoot\FinalEmployeePayroll\EmployeePayrollApp\src\test\resources
2025-05-23 21:15:49,473 [Worker-5: Building] INFO  o.a.m.s.f.DefaultMavenResourcesFiltering - Copying 1 resource from src\main\resources to target\classes
2025-05-23 21:15:49,487 [Worker-5: Building] INFO  o.a.m.s.f.DefaultMavenResourcesFiltering - Copying 0 resource from src\main\resources to target\classes
2025-05-23 21:15:49,492 [Worker-5: Building] INFO  o.a.m.s.f.DefaultMavenResourcesFiltering - skip non existing resourceDirectory C:\Users\Aaditya G\OneDrive\Desktop\SpringBoot\FinalEmployeePayroll\EmployeePayrollApp\src\test\resources
2025-05-23 21:23:02,179 [Worker-14: Building] INFO  o.a.m.s.f.DefaultMavenResourcesFiltering - Copying 0 resource from src\main\resources to target\classes
2025-05-23 21:23:02,181 [Worker-14: Building] INFO  o.a.m.s.f.DefaultMavenResourcesFiltering - Copying 0 resource from src\main\resources to target\classes
2025-05-23 21:23:02,185 [Worker-14: Building] INFO  o.a.m.s.f.DefaultMavenResourcesFiltering - skip non existing resourceDirectory C:\Users\Aaditya G\OneDrive\Desktop\SpringBoot\FinalEmployeePayroll\EmployeePayrollApp\src\test\resources
2025-05-23 21:24:12,889 [Worker-13: Building] INFO  o.a.m.s.f.DefaultMavenResourcesFiltering - Copying 0 resource from src\main\resources to target\classes
2025-05-23 21:24:12,892 [Worker-13: Building] INFO  o.a.m.s.f.DefaultMavenResourcesFiltering - Copying 0 resource from src\main\resources to target\classes
2025-05-23 21:24:12,897 [Worker-13: Building] INFO  o.a.m.s.f.DefaultMavenResourcesFiltering - skip non existing resourceDirectory C:\Users\Aaditya G\OneDrive\Desktop\SpringBoot\FinalEmployeePayroll\EmployeePayrollApp\src\test\resources
2025-05-23 21:24:23,269 [Worker-0: Building] INFO  o.a.m.s.f.DefaultMavenResourcesFiltering - Copying 1 resource from src\main\resources to target\classes
2025-05-23 21:24:23,276 [Worker-0: Building] INFO  o.a.m.s.f.DefaultMavenResourcesFiltering - Copying 0 resource from src\main\resources to target\classes
2025-05-23 21:24:23,279 [Worker-0: Building] INFO  o.a.m.s.f.DefaultMavenResourcesFiltering - skip non existing resourceDirectory C:\Users\Aaditya G\OneDrive\Desktop\SpringBoot\FinalEmployeePayroll\EmployeePayrollApp\src\test\resources
2025-05-23 21:26:45,852 [Worker-17: Building] INFO  o.a.m.s.f.DefaultMavenResourcesFiltering - Copying 1 resource from src\main\resources to target\classes
2025-05-23 21:26:45,861 [Worker-17: Building] INFO  o.a.m.s.f.DefaultMavenResourcesFiltering - Copying 0 resource from src\main\resources to target\classes
2025-05-23 21:26:45,863 [Worker-17: Building] INFO  o.a.m.s.f.DefaultMavenResourcesFiltering - skip non existing resourceDirectory C:\Users\Aaditya G\OneDrive\Desktop\SpringBoot\FinalEmployeePayroll\EmployeePayrollApp\src\test\resources
2025-05-23 21:31:05,284 [Worker-19: Building] INFO  o.a.m.s.f.DefaultMavenResourcesFiltering - Copying 0 resource from src\main\resources to target\classes
2025-05-23 21:31:05,287 [Worker-19: Building] INFO  o.a.m.s.f.DefaultMavenResourcesFiltering - Copying 0 resource from src\main\resources to target\classes
2025-05-23 21:31:05,291 [Worker-19: Building] INFO  o.a.m.s.f.DefaultMavenResourcesFiltering - skip non existing resourceDirectory C:\Users\Aaditya G\OneDrive\Desktop\SpringBoot\FinalEmployeePayroll\EmployeePayrollApp\src\test\resources
2025-05-23 21:31:23,046 [Worker-17: Building] INFO  o.a.m.s.f.DefaultMavenResourcesFiltering - Copying 1 resource from src\main\resources to target\classes
2025-05-23 21:31:23,058 [Worker-17: Building] INFO  o.a.m.s.f.DefaultMavenResourcesFiltering - Copying 0 resource from src\main\resources to target\classes
2025-05-23 21:31:23,060 [Worker-17: Building] INFO  o.a.m.s.f.DefaultMavenResourcesFiltering - skip non existing resourceDirectory C:\Users\Aaditya G\OneDrive\Desktop\SpringBoot\FinalEmployeePayroll\EmployeePayrollApp\src\test\resources
2025-05-23 21:31:59,419 [Worker-15: Building] INFO  o.a.m.s.f.DefaultMavenResourcesFiltering - Copying 0 resource from src\main\resources to target\classes
2025-05-23 21:31:59,421 [Worker-15: Building] INFO  o.a.m.s.f.DefaultMavenResourcesFiltering - Copying 0 resource from src\main\resources to target\classes
2025-05-23 21:31:59,425 [Worker-15: Building] INFO  o.a.m.s.f.DefaultMavenResourcesFiltering - skip non existing resourceDirectory C:\Users\Aaditya G\OneDrive\Desktop\SpringBoot\FinalEmployeePayroll\EmployeePayrollApp\src\test\resources
2025-05-23 21:32:16,259 [Worker-15: Building] INFO  o.a.m.s.f.DefaultMavenResourcesFiltering - Copying 1 resource from src\main\resources to target\classes
2025-05-23 21:32:16,269 [Worker-15: Building] INFO  o.a.m.s.f.DefaultMavenResourcesFiltering - Copying 0 resource from src\main\resources to target\classes
2025-05-23 21:32:16,273 [Worker-15: Building] INFO  o.a.m.s.f.DefaultMavenResourcesFiltering - skip non existing resourceDirectory C:\Users\Aaditya G\OneDrive\Desktop\SpringBoot\FinalEmployeePayroll\EmployeePayrollApp\src\test\resources
2025-05-23 21:32:53,083 [Worker-15: Building] INFO  o.a.m.s.f.DefaultMavenResourcesFiltering - Copying 1 resource from src\main\resources to target\classes
2025-05-23 21:32:53,090 [Worker-15: Building] INFO  o.a.m.s.f.DefaultMavenResourcesFiltering - Copying 0 resource from src\main\resources to target\classes
2025-05-23 21:32:53,095 [Worker-15: Building] INFO  o.a.m.s.f.DefaultMavenResourcesFiltering - skip non existing resourceDirectory C:\Users\Aaditya G\OneDrive\Desktop\SpringBoot\FinalEmployeePayroll\EmployeePayrollApp\src\test\resources
2025-05-23 21:57:07,126 [Worker-17: Building] INFO  o.a.m.s.f.DefaultMavenResourcesFiltering - Copying 1 resource from src\main\resources to target\classes
2025-05-23 21:57:07,138 [Worker-17: Building] INFO  o.a.m.s.f.DefaultMavenResourcesFiltering - Copying 0 resource from src\main\resources to target\classes
2025-05-23 21:57:07,141 [Worker-17: Building] INFO  o.a.m.s.f.DefaultMavenResourcesFiltering - skip non existing resourceDirectory C:\Users\Aaditya G\OneDrive\Desktop\SpringBoot\FinalEmployeePayroll\EmployeePayrollApp\src\test\resources
2025-05-23 21:57:23,907 [Worker-17: Building] INFO  o.a.m.s.f.DefaultMavenResourcesFiltering - Copying 1 resource from src\main\resources to target\classes
2025-05-23 21:57:23,922 [Worker-17: Building] INFO  o.a.m.s.f.DefaultMavenResourcesFiltering - Copying 0 resource from src\main\resources to target\classes
2025-05-23 21:57:23,926 [Worker-17: Building] INFO  o.a.m.s.f.DefaultMavenResourcesFiltering - skip non existing resourceDirectory C:\Users\Aaditya G\OneDrive\Desktop\SpringBoot\FinalEmployeePayroll\EmployeePayrollApp\src\test\resources
